<?xml version="1.0" encoding="UTF-8"?>
<!-- Generated by org.testng.reporters.JUnitReportReporter -->
<testsuite skipped="0" hostname="Shashank-Surface" name="com.jupiter.cloud.planittesting.v1.TestCase3" tests="1" failures="0" timestamp="05 Nov 2020 06:37:29 GMT" time="1.259" errors="0">
  <testcase name="testCase03" time="1.259" classname="com.jupiter.cloud.planittesting.v1.TestCase3"/>
</testsuite> <!-- com.jupiter.cloud.planittesting.v1.TestCase3 -->
