<?xml version="1.0" encoding="UTF-8"?>
<!-- Generated by org.testng.reporters.JUnitReportReporter -->
<testsuite skipped="0" hostname="Shashank-Surface" name="com.jupiter.cloud.planittesting.v1.TestCase1" tests="1" failures="0" timestamp="05 Nov 2020 05:23:27 GMT" time="16.451" errors="0">
  <testcase name="testCase01" time="16.451" classname="com.jupiter.cloud.planittesting.v1.TestCase1"/>
</testsuite> <!-- com.jupiter.cloud.planittesting.v1.TestCase1 -->
