<?xml version="1.0" encoding="UTF-8"?>
<!-- Generated by org.testng.reporters.JUnitReportReporter -->
<testsuite skipped="0" hostname="Shashank-Surface" name="com.jupiter.cloud.planittesting.v1.TestCase4" tests="1" failures="0" timestamp="05 Nov 2020 05:23:27 GMT" time="1.100" errors="0">
  <testcase name="testCase04" time="1.100" classname="com.jupiter.cloud.planittesting.v1.TestCase4"/>
</testsuite> <!-- com.jupiter.cloud.planittesting.v1.TestCase4 -->
